[    0.000000] Initializing cgroup subsys cpuset
[    0.000000] Initializing cgroup subsys cpu
[    0.000000] Initializing cgroup subsys cpuacct
[    0.000000] Linux version 4.4.0-145-generic (buildd@lcy01-amd64-027) (gcc version 5.4.0 20160609 (Ubuntu 5.4.0-6ubuntu1~16.04.10) ) #171-Ubuntu SMP Tue Mar 26 12:43:40 UTC 2019 (Ubuntu 4.4.0-145.171-generic 4.4.176)
[    0.000000] Command line: BOOT_IMAGE=/boot/vmlinuz-4.4.0-145-generic root=UUID=92feb7e5-d622-440b-aa57-d61e8db0f495 ro console=tty1 console=ttyS0
[    0.000000] KERNEL supported cpus:
[    0.000000]   Intel GenuineIntel
[    0.000000]   AMD AuthenticAMD
[    0.000000]   Centaur CentaurHauls
[    0.000000] x86/fpu: xstate_offset[2]:  576, xstate_sizes[2]:  256
[    0.000000] x86/fpu: Supporting XSAVE feature 0x01: 'x87 floating point registers'
[    0.000000] x86/fpu: Supporting XSAVE feature 0x02: 'SSE registers'
[    0.000000] x86/fpu: Supporting XSAVE feature 0x04: 'AVX registers'
[    0.000000] x86/fpu: Enabled xstate features 0x7, context size is 832 bytes, using 'standard' format.
[    0.000000] e820: BIOS-provided physical RAM map:
[    0.000000] BIOS-e820: [mem 0x0000000000000000-0x000000000009fbff] usable
[    0.000000] BIOS-e820: [mem 0x000000000009fc00-0x000000000009ffff] reserved
[    0.000000] BIOS-e820: [mem 0x0000000000f0000-0x00000000000fffff] reserved
[    0.000000] BIOS-e820: [mem 0x0000000000100000-0x00000000dffeffff] usable
[    0.000000] BIOS-e820: [mem 0x00000000dfff0000-0x00000000dfffffff] ACPI data
[    0.000000] BIOS-e820: [mem 0x00000000fec00000-0x00000000fec00fff] reserved
[    0.000000] BIOS-e820: [mem 0x00000000fee00000-0x00000000fee00fff] reserved
[    0.000000] BIOS-e820: [mem 0x00000000fffc0000-0x00000000ffffffff] reserved
[    0.000000] BIOS-e820: [mem 0x0000000100000000-0x000000011fffffff] usable
[    0.000000] NX (Execute Disable) protection: active
[    0.000000] SMBIOS 2.5 present.
[    0.000000] Hypervisor detected: KVM
[    0.000000] e820: last_pfn = 0x120000 max_arch_pfn = 0x400000000
[    0.000000] MTRR: Disabled
[    0.000000] x86/PAT: MTRRs disabled, skipping PAT initialization too.
[    0.000000] CPU MTRRs all blank - virtualized system.
[    0.000000] x86/PAT: Configuration [0-7]: WB  WT  UC- UC  WB  WT  UC- UC  
[    0.000000] e820: last_pfn = 0xdfff0 max_arch_pfn = 0x400000000
[    0.000000] found SMP MP-table at [mem 0x0009fff0-0x0009ffff] mapped at [ffff88000009fff0]
[    0.000000] Scanning 1 areas for low memory corruption
[    0.000000] RAMDISK: [mem 0x361ea000-0x370ecfff]
[    0.000000] ACPI: Early table checksum verification disabled
[    0.000000] ACPI: RSDP 0x00000000000E0000 000024 (v02 VBOX  )
[    0.000000] ACPI: XSDT 0x00000000DFFF0030 00003C (v01 VBOX   VBOXXSDT 00000001 ASL  00000061)
[    0.000000] ACPI: FACP 0x00000000DFFF00F0 0000F4 (v04 VBOX   VBOXFACP 00000001 ASL  00000061)
[    0.000000] ACPI: DSDT 0x00000000DFFF0470 0021FF (v02 VBOX   VBOXBIOS 00000002 INTL 20100528)
[    0.000000] ACPI: FACS 0x00000000DFFF0200 000040
[    0.000000] ACPI: FACS 0x00000000DFFF0200 000040
[    0.000000] ACPI: APIC 0x00000000DFFF0240 00005C (v02 VBOX   VBOXAPIC 00000001 ASL  00000061)
[    0.000000] ACPI: SSDT 0x00000000DFFF02A0 0001CC (v01 VBOX   VBOXCPUT 00000002 INTL 20100528)
[    0.000000] No NUMA configuration found
[    0.000000] Faking a node at [mem 0x0000000000000000-0x000000011fffffff]
[    0.000000] NODE_DATA(0) allocated [mem 0x11fff7000-0x11fffbfff]
[    0.000000] kvm-clock: Using msrs 4b564d01 and 4b564d00
[    0.000000] kvm-clock: cpu 0, msr 1:1ffef001, primary cpu clock
[    0.000000] kvm-clock: using sched offset of 3595911273 cycles
[    0.000000] clocksource: kvm-clock: mask: 0xffffffffffffffff max_cycles: 0x1cd42e4dffb, max_idle_ns: 881590591483 ns
[    0.000000] Zone ranges:
[    0.000000]   DMA      [mem 0x0000000000001000-0x0000000000ffffff]
[    0.000000]   DMA32    [mem 0x0000000001000000-0x00000000ffffffff]
[    0.000000]   Normal   [mem 0x0000000100000000-0x000000011fffffff]
[    0.000000]   Device   empty
[    0.000000] Movable zone start for each node
[    0.000000] Early memory node ranges
[    0.000000]   node   0: [mem 0x0000000000001000-0x000000000009efff]
[    0.000000]   node   0: [mem 0x0000000000100000-0x00000000dffeffff]
[    0.000000]   node   0: [mem 0x0000000100000000-0x000000011fffffff]
[    0.000000] Initmem setup node 0 [mem 0x0000000000001000-0x000000011fffffff]
[    0.000000] ACPI: PM-Timer IO Port: 0x4008
[    0.000000] IOAPIC[0]: apic_id 2, version 32, address 0xfec00000, GSI 0-23
[    0.000000] ACPI: INT_SRC_OVR (bus 0 bus_irq 0 global_irq 2 dfl dfl)
[    0.000000] ACPI: INT_SRC_OVR (bus 0 bus_irq 9 global_irq 9 low level)
[    0.000000] Using ACPI (MADT) for SMP configuration information
[    0.000000] smpboot: Allowing 2 CPUs, 0 hotplug CPUs
[    0.000000] PM: Registered nosave memory: [mem 0x00000000-0x00000fff]
[    0.000000] PM: Registered nosave memory: [mem0x0009f000-0x0009ffff]
[    0.000000] PM: Registered nosave memory: [mem 0x000a0000-0x000effff]
[    0.000000] PM: Registered nosave memory: [mem 0x000f0000-0x000fffff]
[    0.000000] PM: Registered nosve memory: [mem 0xdfff0000-0xdfffffff]
[    0.000000] PM: Registered nosave memory: [mem 0xe0000000-0xfebfffff]
[    0.000000] PM: Registered nosave memory: [mem 0xfec00000-0xfec00fff]
[    0.000000] PM: Registered nosave memory: [mem 0xfec01000-0xfedfffff]
[    0.000000] PM: Registered nosave memory: [mem 0xfee00000-0xfee00fff]
[    0.000000] PM: Registered nosave memory: [mem 0xfee01000-0xfffbffff]
[    0.000000] PM: Registered nosave memory: [mem 0xfffc0000-0xffffffff]
[    0.000000] e820: [mem 0xe0000000-0xfebfffff] available for PCI devices
[    0.000000] Booting paravirtualized kernel on KVM
[    0.000000] clocksource: refined-jiffies: mask: 0xffffffff max_cycles: 0xffffffff, max_idle_ns: 7645519600211568 ns
[    0.000000] setup_percpu: NR_CPUS:512 nr_cpumask_bits:512 nr_cpu_ids:2 nr_node_ids:1
[    0.000000] PERCPU: Embedded 34 pages/cpu @ffff88011fc00000 s99480 r8192 d31592 u1048576
[    0.000000] Built 1 zonelists in Node order, mobility grouping on.  Total pages: 1032056
[    0.000000] Policy zone: Normal
[    0.000000] Kernel command line: BOOT_IMAGE=/boot/vmlinuz-4.4.0-145-generic root=UUID=92feb7e5-d622-440b-aa57-d61e8db0f495 ro console=tty1 console=ttyS0
[    0.000000] PID hash table entries: 4096 (order: 3, 32768 bytes)
[    0.000000] Memory: 4027700K/41938848K available (8608K kernel code, 1333K rwdata, 4008K rodata, 1484K init, 1284K bss, 166148K reserved, 0K cma-reserved)
[    0.000000] SLUB: HWalign=64, Order=0-3, MinObjects=0, CPUs=2, Nodes=1
[    0.000000] Kernel/User page tables isolation: enabled
[    0.000000] Hierarchical RCU implementation.
[    0.000000] 	Build-time adjustment of leaf fanout to 64.
[    0.000000] 	RCU restricting CPUs from NR_CPUS=512 to nr_cpu_ids=2.
[    0.000000] RCU: Adjusting geometry for rcu_fanout_leaf=64, nr_cpu_ids=2
[    0.000000] NR_IRQS:33024 nr_irqs:440 16
[    0.000000] Console: colour VGA+ 80x25
[    0.000000] console [tty1] enabled
[    0.000000] console [ttyS0] enabled
[    0.000000] tsc: Detected 3600.000 MHz processor
[    0.299782] Calibrating delay loop (skipped) preset value.. 7200.00 BogoMIPS (lpj=14400000)
[    0.301181] pid_max: default: 32768 minimum: 301
[    0.301932] ACPI: Core revision 20150930
[    0.303862] ACPI: 2 ACPI AML tables successfully acquired and loaded
[    0.304938] Security Framework initialized
[    0.305684] Yama: becoming mindful.
[    0.306327] AppArmor: AppArmor initialized
[    0.309171] Dentry cache hash table entries: 524288 (order: 10, 4194304 bytes)
[    0.314686] Inode-cache hash table entries: 262144 (order: 9, 2097152 bytes)
[    0.315899] Mount-cache hash table entries: 8192 (order: 4, 65536 bytes)
[   0.316879] Mountpoint-cache hash table entries: 8192 (order: 4, 65536 bytes)
[    0.330632] Initializing cgroup subsys io
[    0.331350] Initializing cgroup subsys memory
[    0.332067] Initializing cgroup subsys devices
[    0.332792] Initializing cgroup subsys freezer
[    0.333525] Initializing cgroup subsys net_cls
[    0.334275] Initializing cgroup subsys perf_event
[    0.335039] Initializing cgroup subsys net_prio
[    0.335791] Initializing cgroup subsys hugetlb
[    0.336516] Initializing cgroup subsys pids
[    0.338207] mce: CPU supports 0 MCE banks
[    0.338941] Last level iTLB entries: 4KB 128, 2MB 8, 4MB 8
[    0.339832] Last level dTLB entries: 4KB 64, 2MB 0, 4MB 0, 1GB 4
[    0.340760] Spectre V2 : Mitigation: Full generic retpoline
[    0.341626] Spectre V2 : Spectre v2 / SpectreRSB mitigation: Filling RSB on context switch
[    0.342957] Speculative Store Bypass: Vulnerable
[    0.345669] Freeing SMP alternatives memory: 36K

[    0.350254] ftrace: allocating 32283 entries in 127 pages
[    0.392521] smpboot: APIC(0) Converting physical 0 to logical package 0
[    0.393623] smpboot: Max logical packages: 1
[    0.394660] x2apic enabled
[    0.395447] Switched APIC routing to physical x2apic.
[    0.397357] ..TIMER: vector=0x30 apic1=0 pin1=2 apic2=-1 pin2=-1
[    0.503293] smpboot: CPU0: Intel(R) Core(TM) i5-8600K CPU @ 3.60GHz (family: 0x6, model: 0x9e, stepping: 0xa)
[    0.505010] Performance Events: unsupported p6 CPU model 158 no PMU driver, software events only.
[    0.515987] KVM setup paravirtual spinlock
[    0.517194] x86: Booting SMP configuration:
[    0.517914] .... node  #0, CPUs:      #1
[    0.518634] kvm-clock: cpu 1, msr 1:1ffef041, secondary cpu clock
[    0.520262] mce: CPU supports 0 MCE banks
[    0.522649] x86: Booted up 1 node, 2 CPUs
[    0.523557] smpboot: Total of 2 processors activated (14400.00 BogoMIPS)
[    0.524881] devtmpfs: initialized
[    0.526702] evm: security.selinux
[    0.527376] evm: security.SMACK64
[    0.527990] evm: security.SMACK64EXEC
[    0.528646] evm: security.SMACK64TRANSMUTE
[    0.529354] evm: security.SMACK64MMAP
[    0.529990] evm: security.ima
[    0.530550] evm: security.capability
[    0.531339] clocksource: jiffies: mask: 0xffffffff max_cycles: 0xffffffff, max_idle_ns: 7645041785100000 ns
[    0.532866] futex hash table entries: 512 (order: 3, 32768 bytes)
[    0.537008] pinctrl core: initialized pinctrl subsystem
[    0.538219] RTC time: 23:22:13, date: 05/06/19
[    0.545978] NET: Registered protocol family 16
[    0.556960] cpuidle: using governor ladder
[    0.568668] cpuidle: using governor menu
[    0.569403] PCCT header not found.
[    0.570109] ACPI: bus type PCI registered
[    0.570793] acpiphp: ACPI Hot Plug PCI Controller Driver version: 0.5
[    0.571848] PCI: Using configuration type 1 for base access
[    0.584715] ACPI: Added _OSI(Module Device)
[    0.585470] ACPI: Added _OSI(Processor Device)
[    0.586201] ACPI: Added _OSI(3.0 _SCP Extensions)
[    0.586957] ACPI: Added _OSI(Processor Aggregator Device)
[    0.588355] ACPI: Executed 1 blocks of module-level executable AML code
[    0.591036] ACPI: Interpreter enabled
[    0.591704] ACPI: (supports S0 S5)
[    0.592327] ACPI: Using IOAPIC for interrupt routing
[    0.593307] PCI: Using host bridge windows from ACPI; if necessary, use "pci=nocrs" and report a bug
[    0.600440] ACPI: PCI Root Bridge [PCI0] (domain 0000 [bus 00-ff])
[    0.601471] acpi PNP0A03:00: _OSC: OS supports [ASPM ClockPM Segments MSI]
[    0.602494] acpi PNP0A03:00: _OSC: not requesting OS control; OS requires [ExtendedConfig ASPM ClockPM MSI]
[    0.604099] acpi PNP0A03:00: fail to add MMCONFIG information, can't access extended PCI configuration space under this bridge.
[    0.606043] PCI host bridge to bus 0000:00
[    0.606736] pci_bus 0000:00: root bus resource [io  0x0000-0x0cf7 window]
[    0.607747] pci_bus 0000:00: root bus resource [io  0x0d00-0xffff window]
[    0.615463] pci_bus 0000:00: root bus resource [mem 0x000a0000-0x000bffff window]
[    0.626138] pci_bus 0000:00: root bus resource [mem 0xe0000000-0xfdffffff window]
[    0.627453] pci_bus 0000:00: root bus resource [bus 00-ff]
[    0.629679] pci 0000:00:01.1: legacy IDE quirk: reg 0x10: [io  0x01f0-0x01f7]
[    0.630844] pci 0000:00:01.1: legacy IDE quirk: reg 0x14: [io  0x03f6]
[    0.631879] pci 0000:00:01.1: legacy IDE quirk: reg 0x18: [io  0x0170-0x0177]
[    0.633984] pci 0000:00:01.1: legacy IDE quirk: reg 0x1c: [io  0x0376]
[    0.675831] pci 0000:00:07.0: quirk: [io  0x4000-0x403f] claimed by PIIX4 ACPI
[    0.677137] pci 0000:00:07.0: quirk: [io  0x4100-0x410f] claimed by PIIX4 SMB
[    0.692189] ACPI: PCI Interrupt Link [LNKA] (IRQs 5 9 10 *11)
[    0.696826] ACPI: PCI Interrupt Link [LNKB] (IRQs 5 9 *10 11)
[    0.699205] ACPI: PCI Interrupt Link [LNKC] (IRQs 5 *9 10 11)
[    0.701692] ACPI: PCI Interrupt Link [LNKD] (IRQs 5 9 10 *11)
[    0.703694] ACPI: Enabled 2 GPEs in block 00 to 07
[    0.704822] vgaarb: setting as boot device: PCI:0000:00:02.0
[    0.706231] vgaarb: device added: PCI:0000:00:02.0,decodes=io+mem,owns=io+mem,locks=none
[    0.707692] vgaarb: loaded
[    0.708281] vgaarb: bridge control possible 0000:00:02.0
[    0.709354] SCSI subsystem initialized
[    0.710186] ACPI: bus type USB registered
[    0.710946] usbcore: registered new interface driver usbfs
[    0.718994] usbcore: registered new interface driver hub
[    0.720117] usbcore: registered new device driver usb
[    0.721260] PCI: Using ACPI for IRQ routing
[    0.722384] NetLabel: Initializing
[    0.723158] NetLabel:  domain hash size = 128
[    0.724002] NetLabel:  protocols = UNLABELED CIPSOv4
[    0.724840] NetLabel:  unlabeled traffic allowed by default
[    0.725957] amd_nb: Cannot enumerate AMD northbridges
[    0.731102] clocksource: Switched to clocksource kvm-clock
[    0.741334] AppArmor: AppArmor Filesystem Enabled
[    0.742192] pnp: PnP ACPI init
[    0.744000] pnp: PnP ACPI: found 3 devices
[    0.754217] clocksource: acpi_pm: mask: 0xffffff ax_cycles: 0xffffff, max_idle_ns: 2085701024 ns
[    0.776556] NET: Registered protocol family 2

[    0.777397] TCP established hash table entries: 32768 (order: 6, 262144 bytes)
[    0.778728] TCP bind hash table entries: 32768 (order: 7, 524288 bytes)
[    0.781636] TCP: Hash tables configured (established 32768 bind 32768)
[    0.782624] UDP hash table entries: 2048 (order: 4, 65536 bytes)
[    0.783578] UDP-Lite hash table entries: 2048 (order: 4, 65536 bytes)
[    0.784558] NET: Registered protocol family 1
[    0.785292] pci 0000:00:00.0: Limiting direct PCI/PCI transfers
[    0.786208] pci 0000:00:01.0: Activating ISA DMA hang workarounds
[    0.787228] Unpacking initramfs...
[    0.963593] Freeing initrd memory: 15372K
[    0.964640] PCI-DMA: Using software bounce buffering for IO (SWIOTLB)
[    0.972308] software IO TLB: mapped [mem 0xdbff0000-0xdfff0000] (64MB)
[    0.973374] platform rtc_cmos: registered platform RTC device (no PNP device found)
[    0.974698] Scanning for low memory corruption every 60 seconds
[    0.975928] audit: initializing netlink subsys (disabled)
[    0.982990] audit: type=2000 audit(1557184938.562:1): initialized
[    0.984135] Initialise system trusted keyring
[    0.984968] HugeTLB registered 2 MB page size, pre-allocated 0 pages
[    0.986808] zbud: loaded
[    0.987605] VFS: Disk quotas dquot_6.6.0
[    0.988318] VFS: Dquot-cache hash table entries: 512 (order 0, 4096 bytes)
[    0.989485] squashfs: version 4.0 (2009/01/31) Phillip Lougher
[    0.990647] fuse init (API version 7.23)
[    0.991500] Key type big_key registered
[    0.992192] Allocating IMA MOK and blacklist keyrings.
[    0.994061] Key type asymmetric registered
[    0.994771] Asymmetric key parser 'x509' registered
[    0.995590] Block layer SCSI generic (bsg) driver version 0.4 loaded (major 249)
[    0.996882] io scheduler noop registered
[    0.997596] io scheduler deadline registered (default)
[    0.998449] io scheduler cfq registered
[    0.999184] pci_hotplug: PCI Hot Plug PCI Core version: 0.5
[    1.000069] pciehp: PCI Express Hot Plug Controller Driver version: 0.4
[    1.001323] ACPI: AC Adapter [AC] (on-line)
[    1.002072] input: Power Button as /devices/LNXSYSTM:00/LNXPWRBN:00/input/input0
[    1.003347] ACPI: Power Button [PWRF]
[    1.004118] input: Sleep Button as /devices/LNXSYSTM:00/LNXSLPBN:00/input/input1
[    1.005404] ACPI: Sleep Button [SLPF]
[    1.006193] GHES: HEST is not enabled!
[    1.006976] Serial: 8250/16550 driver, 32 ports, IRQ sharing enabled
[    1.030020] 00:02: ttyS0 at I/O 0x3f8 (irq = 4, base_baud = 115200) is a 16550A
[    1.041496] Linux agpgart interface v0.103
[    1.043942] loop: module loaded
[    1.045053] scsi host0: ata_piix
[    1.045793] scsi host1: ata_piix
[    1.046434] ata1: PATA max UDMA/33 cmd 0x1f0 ctl 0x3f6 bmdma 0xd000 irq 14
[    1.047459] ata2: PATA max UDMA/33 cmd 0x170 ctl 0x376 bmdma 0xd008 irq 15
[    1.051452] libphy: Fixed MDIO Bus: probed
[    1.052189] tun: Universal TUN/TAP device driver, 1.6
[    1.054345] tun: (C) 1999-2004 Max Krasnyansky <maxk@qualcomm.com>
[    1.055499] PPP generic driver version 2.4.2
[    1.056375] ehci_hcd: USB 2.0 'Enhanced' Host Controller (EHCI) Driver
[    1.063872] ehci-pci: EHCI PCI platform driver
[    1.071724] ehci-platform: EHCI generic platform driver
[    1.072544] ohci_hcd: USB 1.1 'Open' Host Controller (OHCI) Driver
[    1.073472] ohci-pci: OHCI PCI platform driver
[    1.074210] ohci-platform: OHCI generic platform driver
[    1.075028] uhci_hcd: USB Universal Host Controller Interface driver
[    1.076058] i8042: PNP: PS/2 Controller [PNP0303:PS2K,PNP0f03:PS2M] at 0x60,0x64 irq 1,12
[    1.077786] serio: i8042 KBD port at 0x60,0x64 irq 1
[    1.078615] serio: i8042 AUX port at 0x60,0x64 irq 12
[    1.079564] mousedev: PS/2 mouse device common for all mice
[    1.080685] input: AT Translated Set 2 keyboard as /devices/platform/i8042/serio0/input/input2
[    1.090669] rtc_cmos rtc_cmos: rtc core: registered rtc_cmos as rtc0
[    1.091733] rtc_cmos rtc_cmos: alarms up to one day, 114 bytes nvram
[    1.092708] i2c /dev entries driver
[    1.093416] device-mapper: uevent: version 1.0.3
[    1.094331] device-mapper: ioctl: 4.34.0-ioctl (2015-10-28) initialised: dm-devel@redhat.com
[    1.100445] ledtrig-cpu: registered to indicate activity on CPUs
[    1.101628] NET: Registered protocol family 10
[    1.102566] NET: Registered protocol family 17
[    1.103328] Key type dns_resolver registered
[    1.104439] registered taskstats version 1
[    1.105135] Loading compiled-in X.509 certificates
[    1.106264] Loaded X.509 cert 'Build time autogenerated kernel key: 766cb56454e39ea623681e1efb4bf4db48a2396c'
[    1.107800] zswap: loaded using pool lzo/zbud
[    1.109968] Key type trusted registered
[    1.113172] Key type encrypted registered
[    1.113872] AppArmor: AppArmor sha1 policy hashing enabled
[    1.114735] ima: No TPM chip found, activating TPM-bypass!
[    1.115689] ima: Allocated hash algorithm: sha1
[    1.116446] evm: HMAC attrs: 0x1
[    1.117275]   Magic number: 3:707:402
[    1.117989] rtc_cmos rtc_cmos: setting system clock to 2019-05-06 23:22:13 UTC (1557184933)
[    1.124899] BIOS EDD facility v0.16 2004-Jun-25, 0 devices found
[    1.125835] EDD information not available.
[    1.208473] Freeing unused kernel memory: 1484K
[    1.209265] Write protecting the kernel read-only data: 14336k
[    1.210442] Freeing unused kernel memory: 1620K
[    1.211374] Freeing unused kernel memory: 88K
Loading, please wait...
starting version 229
[    1.220543] random: systemd-udevd: uninitialized urandom read (16 bytes read, 1 bits of entropy available)
[    1.220782] random: udevadm: uninitialized urandom read (16 bytes read, 1 bits of entropy available)
[    1.220795] random: udevadm: uninitialized urandom read (16 bytes read, 1 bits of entropy available)
[    1.226525] random: systemd-udevd: uninitialized urandom read (16 bytes read, 1 bits of entropy available)
[    1.226542] random: udevadm: uninitialized urandom read (16 bytes read, 1 bits of entropy available)
[    1.226571] random: udevadm: uninitialized urandom read (16 bytes read, 1 bits of entropy available)
[    1.226668] random: udevadm: uninitialized urandom read (16 bytes read, 1 bits of entropy available)
[    1.226702] random: udevadm: uninitialized urandom read (16 bytes read, 1 bits of entropy available)
[    1.226741] random: udevadm: uninitialized urandom read (16 bytes read, 1 bits of entropy available)
[    1.226776] random: udevadm: uninitialized urandom read (16 bytes read, 1 bits of entropy available)
[    1.270358] e1000: Intel(R) PRO/1000 Network Driver - version 7.3.21-k8-NAPI
[    1.271411] e1000: Copyright (c) 1999-2006 Intel Corporation.
[    1.273138] Fusion MPT base driver 3.04.20
[    1.273887] Copyright (c) 1999-2008 LSI Corporation
[    1.278156] Fusion MPT SPI Host driver 3.04.20
[    1.288495] AVX2 version of gcm_enc/dec engaged.
[    1.289392] AES CTR mode by8 optimization enabled
[    1.481901] input: ImExPS/2 Generic Explorer Mouse as /devices/platform/i8042/serio1/input/input4
[    1.615482] e1000 0000:00:03.0 eth0: (PCI:33MHz:32-bit) 02:6c:72:8e:02:ff
[    1.616537] e1000 0000:00:03.0 eth0: Intel(R) PRO/1000 Network Connection
[    1.618083] mptbase: ioc0: Initiating bringup
[    1.619348] e1000 0000:00:03.0 enp0s3: renamed from eth0
[    1.684019] ioc0: LSI53C1030 A0: Capabilities={Initiator}
[    1.844981] scsi host2: ioc0: LSI53C1030 A0, FwRev=00000000h, Ports=1, MaxQ=256, IRQ=20
[    1.955384] scsi 2:0:0:0: Direct-Access     VBOX     HARDDISK         1.0  PQ: 0 ANSI: 5
[    1.956750] scsi target2:0:0: Beginning Domain Validation
[    1.958188] scsi target2:0:0: Domain Validation skipping write tests
[    1.968677] scsi target2:0:0: Ending Domain Validation
[    1.969690] scsi target2:0:0: asynchronous
[    1.970693] scsi 2:0:1:0: Direct-Access     VBOX     HARDDISK         1.0  PQ: 0 ANSI: 5
[    1.972073] tsc: Refined TSC clocksource calibration: 3599.963 MHz
[    1.972996] clocksource: tsc: mask: 0xffffffffffffffff max_cycles: 0x33e43023fec, max_idle_ns: 440795290208 ns
[    1.974525] scsi target2:0:1: Beginning Domain Validation
[    1.975955] scsi target2:0:1: Domain Validation skipping write tests
[    1.976895] scsi target2:0:1: Ending Domain Validation
[    1.977760] scsi target2:0:1: asynchronous
[    1.984022] sd 2:0:0:0: [sda] 20971520 512-byte logical blocks: (10.7 GB/10.0 GiB)
[    1.992211] sd 2:0:0:0: Attached scsi generic sg0 type 0
[    1.993314] sd 2:0:0:0: [sda] Write Protect is off
[    1.994134] sd 2:0:1:0: Attached scsi generic sg1 type 0
[    1.995016] sd 2:0:1:0: [sdb] 20480 512-byte logical blocks: (10.5 MB/10.0 MiB)
[    1.995083] sd 2:0:0:0: [sda] Incomplete mode parameter data
[    1.995084] sd 2:0:0:0: [sda] Assuming drive cache: write through
[    1.998396] sd 2:0:1:0: [sdb] Write Protect is off
[    1.999313] sd 2:0:1:0: [sdb] Incomplete mode parameter data
[    2.000060]  sda: sda1
[    2.008196] sd 2:0:1:0: [sdb] Assuming drive cache: write through
[    2.009616] sd 2:0:0:0: [sda] Attached SCSI disk
[    2.012109] sd 2:0:1:0: [sdb] Attached SCSI disk
Begin: Loading essential drivers ... [    3.328879] md: linear personality registered for level -1
[    3.331147] md: multipath personality registered for level -4
[    3.333362] md: raid0 personality registered for level 0
[    3.336443] md: raid1 personality registered for level 1
[    3.407150] raid6: sse2x1   gen() 14404 MB/s
[    3.475956] raid6: sse2x1   xor() 12276 MB/s
[    3.544280] raid6: sse2x2   gen() 19185 MB/s
[    3.611618] raid6: sse2x2   xor() 13650 MB/s
[    3.679939] raid6: sse2x4   gen() 23108 MB/s
[    3.747290] raid6: sse2x4   xor() 12847 MB/s
[    3.815608] raid6: avx2x1   gen() 30814 MB/s
[    3.883277] raid6: avx2x2   gen() 35926 MB/s
[    3.951260] raid6: avx2x4   gen() 40252 MB/s
[    3.952002] raid6: using algorithm avx2x4 gen() 40252 MB/s
[    3.952860] raid6: using avx2x2 recovery algorithm
[    3.954450] xor: automatically using best checksumming function:
[    3.991275]    avx       : 37026.000 MB/sec
[    3.992853] async_tx: api initialized (async)
[    4.002381] md: raid6 personality registered for level 6
[    4.003249] md: raid5 personality registered for level 5
[    4.004121] md: raid4 personality registered for level 4
[    4.009012] md: raid10 personality registered for level 10
done.
Begin: Running /scripts/init-premount ... done.
Begin: Mounting root file system ... Begin: Running /scripts/local-top ... done.
Begin: Running /scripts/local-premount ... [    4.030683] Btrfs loaded
Scanning for Btrfs filesystems
done.
Warning: fsck not present, so skipping root file system
[    4.050848] EXT4-fs (sda1): mounted filesystem with ordered data mode. Opts: (null)
done.
Begin: Running /scripts/local-bottom ... done.
Begin: Running /scripts/init-bottom ... done.
[    4.142431] systemd[1]: systemd 229 running in system mode. (+PAM +AUDIT +SELINUX +IMA +APPARMOR +SMACK +SYSVINIT +UTMP +LIBCRYPTSETUP +GCRYPT +GNUTLS +ACL +XZ -LZ4 +SECCOMP +BLKID +ELFUTILS +KMOD -IDN)
[    4.145120] systemd[1]: Detected virtualization oracle.
[    4.145954] systemd[1]: Detected architecture x86-64.

Welcome to [1mUbuntu 16.04.5 LTS[0m!

[    4.149404] systemd[1]: Set hostname to <ubuntu-xenial>.
[    4.383312] systemd[1]: Listening on Journal Audit Socket.
[[0;32m  OK  [0m] Listening on Journal Audit Socket.
[    4.385356] systemd[1]: Listening on udev Kernel Socket.
[[0;32m  OK  [0m] Listening on udev Kernel Socket.
[    4.387259] systemd[1]: Reached target Encrypted Volumes.
[[0;32m  OK  [0m] Reached target Encrypted Volumes.
[    4.398973] systemd[1]: Listening on /dev/initctl Compatibility Named Pipe.
[[0;32m  OK  [0m] Listening on /dev/initctl Compatibility Named Pipe.
[    4.401192] systemd[1]: Listening on Syslog Socket.
[[0;32m  OK  [0m] Listening on Syslog Socket.
[    4.402936] systemd[1]: Listening on Journal Socket.
[[0;32m  OK  [0m] Listening on Journal Socket.
[    4.44841] systemd[1]: Set up automount Arbitrary Executable File Formats File System Automount Point.
[[0;32m  OK  [0m] Set up automount Arbitrary Executab...ats File System Automount Point.
[    4.428491] systemd[1]: Started Trigger resolvconf update for networkd DNS.
[[0;32m  OK  [0m] Started Trigger resolvconf update for networkd DNS.
[    4.430752] systemd[1]: Listening on LVM2 poll daemon socket.
[[0;32m  OK  [0m] Listening on LVM2 poll daemon socket.
[    4.432919] systemd[1]: Created slice User and Session Slice.
[[0;32m  OK  [0m] Created slice User and Session Slice.
[    4.434836] systemd[1]: Listening on LVM2 metadata daemon socket.
[[0;32m  OK  [0m] Listening on LVM2 metadata daemon socket.
[    4.436838] systemd[1]: Listening on udev Control Socket.
[[0;32m  OK  [0m] Listening on udev Control Socket.
[    4.438677] systemd[1]: Reached target System Time Synchronized.
[[0;32m  OK  [0m] Reached target System Time Synchronized.
[    4.440642] systemd[1]: Listening on Device-mapper event daemon FIFOs.
[[0;32m  OK  [0m] Listening on Device-mapper event daemon FIFOs.
[    4.445682] systemd[1]: Reached target User and Group Name Lookups.
[[0;32m  OK  [0m] Reached target User and Group Name Lookups.
[    4.454593] systemd[1]: Started Forward Password Requests to Wall Directory Watch.
[[0;32m  OK  [0m] Started Forward Password Requests to Wall Directory Watch.
[    4.457035] systemd[1]: Reached target Swap.
[[0;32m  OK  [0m] Reached target Swap.
[    4.458849] systemd[1]: Created slice System Slice.
[[0;32m  OK  [0m] Created slice System Slice.

[    4.471560] systemd[1]: Mounting RPC Pipe File System...
         Mounting RPC Pipe File System...
[    4.473816] systemd[1]: Starting Uncomplicated firewall...
         Starting Uncomplicated firewall...
[    4.484824] systemd[1]: Starting Create list of required static device nodes for the current kernel...
         Starting Create list of required st... nodes for the current kernel...
[    4.496619] systemd[1]: Mounting POSIX Message Queue File System...
         Mounting POSIX Message Queue File System...
[    4.505971] systemd[1]: Mounting Debug File System...
         Mounting Debug File System...
[    4.517251] systemd[1]: Reached target Slices.
[[0;32m  OK  [0m] Reached target Slices.
[    4.522812] RPC: Registered named UNIX socket transport module.
[    4.523772] RPC: Registered udp transport module.
[    4.524546] RPC: Registered tcp transport module.
[    4.525306] RPC: Registered tcp NFSv4.1 backchannel transport module.
[    4.532088] systemd[1]: Starting Nameserver information manager...
         Starting Nameserver information manager...
[    4.534792] systemd[1]: Created slice system-postgresql.slice.
[[0;32m  OK  [0m] Created slice system-postgresql.slice.
[    4.537178] systemd[1]: Mounting Huge Pages File System...
         Mounting Huge Pages File System...
[    4.539600] systemd[1]: Created slice system-serial\x2dgetty.slice.
[[0;32m  OK  [0m] Created slice system-serial\x2dgetty.slice.
[    4.542012] systemd[1]: Starting Remount Root and Kernel File Systems...
         Starting Remount Root and Kernel File Systems...
[    4.544407] systemd[1]: Starting Set console keymap...
         [    4.545492] EXT4-fs (sda1): re-mounted. Opts: (null)
Starting Set console keymap...
[    4.547811] systemd[1]: Starting Load Kernel Modules...
         Starting Load Kernel Modules...[    4.557287] Loading iSCSI transport class v2.0-870.

[    4.558345] systemd[1]: Starting Monitoring of LVM2 mirrors, snapshots etc. using dmeventd or progress polling...
         Starting Monitoring of LVM2 mirrors... dmeventd or progress polling...
[    4.561111] systemd[1]: Listening on Journal Socket (/dev/log).
[[0;32m  OK  [0m] Listening on Journal Socket (/dev/log).
[    4.563619] systemd[1]: Starting Journal Service...
         Starting Journal Service...
[    4.566471] iscsi: registered transport (tcp)
[    4.566615] systemd[1]: Mounted RPC Pipe File System.
[[0;32m  OK  [0m] Mounted RPC Pipe File System.
[    4.574805] systemd[1]: Mounted Huge Pages File System.
[[0;32m  OK  [0m] Mounted Huge Pages File System.
[    4.577598] systemd[1]: Mounted POSIX Message Queue File System.
[[0;32m  OK  [0m] Mounted POSIX Message Queue File System.
[    4.579601] systemd[1]: Mounted Debug File System.
[[0;32m  OK  [0m] Mounted Debug File System.
[    4.583187] random: nonblocking pool is initialized
[    4.584534] systemd[1]: Started Uncomplicated firewall.
[[0;32m  OK  [0m] Started Uncomplicated firewall.
[    4.589842] systemd[1]: Started Create list of required static device nodes for the current kernel.
[[0;32m  OK  [0m] Started Create list of required sta...ce nodes for the current kernel.
[    4.600071] systemd[1]: Started Remount Root and Kernel File Systems.
[[0;32m  OK  [0m] Started Remount Root and Kernel File Systems.
[    4.602643] systemd[1]: Started Nameserver information manager.
[[0;32m  OK  [0m] Started Nameserver information manager.
[    4.610949] systemd[1]: Started Journal Service.
[[0;32m  OK  [0m] Started Journal Service.
[    4.614614] iscsi: registered transport (iser)
[[0;32m  OK  [0m] Started Load Kernel Modules.
         Mounting FUSE Control File System...
         Starting Apply Kernel Variables...
[[0;32m  OK  [0m] Started LVM2 metadata daemon.
         Starting udev Coldplug all Devices...
         Starting Load/Save Random Seed...
         Starting Flush Journal to Persistent Storage...
         Starting Create Static Device Nodes in /dev...
[[0;32m  OK  [0m] Mounted FUSE Control File System.
[[0;32m  OK  [0m] Started Set console keymap.
[[0;32m  OK  [0m] Started Load/Save Random Seed.
[[0;32m  OK  [0m] Started Apply Kernel Variables.
[[0;32m  OK  [0m] Started Create Static Device Nodes in /dev.
[[0;32m  OK  [0m] Started udev Coldplug all Devices.
[[0;32m  OK  [0m] Started Flush Journal to Persistent Storage.
         Starting udev Kernel Device Manager...
[[0;32m  OK  [0m] Started udev Kernel Device Manager.
[[0;32m  OK  [0m] Started Dispatch Password Requests to Console Directory Watch.
[[0;32m  OK  [0m] Started Monitoring of LVM2 mirrors,...ng dmeventd or progress polling.
[[0;32m  OK  [0m] Reached target Local File Systems (Pre).
[[0;32m  OK  [0m] Reached target Local File Systems.
         Starting Initial cloud-init job (pre-networking)...
         Starting LSB: AppArmor initialization...
         Starting Create Volatile Files and Directories...
         Starting Preprocess NFS configuration...
         Starting Set console font and keymap...
         Starting Tell Plymouth To Write Out Runtime Data...
[[0;32m  OK  [0m] Started Create Volatile Files and Directories.
[[0;32m  OK  [0m] Started Preprocess NFS configuration.
[[0;32m  OK  [0m] Started Tell Plymouth To Write Out Runtime Data.
[[0;32m  OK  [0m] Reached target NFS client services.
         Starting Update UTMP about System Boot/Shutdown...
[[0;32m  OK  [0m] Started Update UTMP about System Boot/Shutdown.
[[0;32m  OK  [0m] Started LSB: AppArmor initialization.
[[0;32m  OK  [0m] Found device /dev/ttyS0.
[[0;32m  OK  [0m] Listening on Load/Save RF Kill Switch Status /dev/rfkill Watch.
[[0;32m  OK  [0m] Found device 82540EM Gigabit Ethern...r (PRO/1000 MT Desktop Adapter).
[[0;32m  OK  [0m] Started Set console font and keymap.
[[0;32m  OK  [0m] Created slice system-getty.slice.
[    5.224127] cloud-init[487]: Cloud-init v. 18.4-0ubuntu1~16.04.2 running 'init-local' at Mon, 06 May 2019 23:22:17 +0000. Up 5.00 seconds.
[[0;32m  OK  [0m] Started Initial cloud-init job (pre-networking).
[[0;32m  OK  [0m] Reached target Network (Pre).
[[0;32m  OK  [0m] Started ifup for enp0s3.
         Starting Raise network interfaces...
[[0;1;31mFAILED[0m] Failed to start Raise network interfaces.
See 'systemctl status networking.service' for details.
[[0;32m  OK  [0m] Reached target Network.
         Starting Initial cloud-init job (metadata service crawler)...
[    5.899215] cloud-init[1015]: Cloud-init v. 18.4-0ubuntu1~16.04.2 running 'init' at Mon, 06 May 2019 23:22:18 +0000. Up 5.68 seconds.
[    5.900744] cloud-init[1015]: ci-info: +++++++++++++++++++++++++++++++++++++Net device info++++++++++++++++++++++++++++++++++++++
[    5.902073] cloud-init[1015]: ci-info: +--------+------+---------------------------+---------------+--------+-------------------+
[    5.903443] cloud-init[1015]: ci-info: | Device |  Up  |          Address          |      Mask     | Scope  |     Hw-Address    |
[    5.904782] cloud-init[1015]: ci-info: +--------+------+---------------------------+---------------+--------+-------------------+
[    5.937782] cloud-init[1015]: ci-info: | enp0s3 | True |         10.0.2.15         | 255.255.255.0 | global | 02:6c:72:8e:02:ff |
[    5.937996] cloud-init[1015]: ci-info: | enp0s3 | True | fe80::6c:72ff:fe8e:2ff/64 |       .       |  link  | 02:6c:72:8e:02:ff |
[    5.938113] cloud-init[1015]: ci-info: |   lo   | True |         127.0.0.1         |   255.0.0.0   |  host  |         .         |
[    5.938228] cloud-init[1015]: ci-info: |   lo   | True |          ::1/128          |       .       |  host  |         .         |
[    5.938345] cloud-init[1015]: ci-info: +--------+------+---------------------------+---------------+--------+-------------------+
[    5.938459] cloud-init[1015]: ci-info: +++++++++++++++++++++++++++Route IPv4 info++++++++++++++++++++++++++++
[    5.938631] cloud-init[1015]: ci-info: +-------+-------------+----------+---------------+-----------+-------+
[    5.938727] cloud-init[1015]: ci-info: | Route | Destination | Gateway  |    Genmask    | Interface | Flags |
[    5.938964] cloud-init[1015]: ci-info: +-------+-------------+----------+---------------+-----------+-------+
[    5.939064] cloud-init[1015]: ci-info: |   0   |   0.0.0.0   | 10.0.2.2 |    0.0.0.0    |   enp0s3  |   UG  |
[    5.939178] cloud-init[1015]: ci-info: |   1   |   10.0.2.0  | 0.0.0.0  | 255.255.255.0 |   enp0s3  |   U   |
[    5.939284] cloud-init[1015]: ci-info: +-------+-------------+----------+---------------+-----------+-------+
[    5.939392] cloud-init[1015]: ci-info: +++++++++++++++++++Route IPv6 info+++++++++++++++++++
[    5.939507] cloud-init[1015]: ci-info: +-------+-------------+---------+-----------+-------+
[    5.939725] cloud-init[1015]: ci-info: | Route | Destination | Gateway | Interface | Flags |
[    5.939828] cloud-init[1015]: ci-info: +-------+-------------+---------+-----------+-------+
[    5.939935] cloud-init[1015]: ci-info: |   0   |  fe80::/64  |    ::   |   enp0s3  |   U   |
[    5.940082] cloud-init[1015]: ci-info: |   3   |   ff00::/8  |    ::   |   enp0s3  |   U   |
[    5.940166] cloud-init[1015]: ci-info: +-------+-------------+---------+-----------+-------+
[[0;32m  OK  [0m] Started Initial cloud-init job (metadata service crawler).
[[0;32m  OK  [0m] Reached target System Initialization.
[[0;32m  OK  [0m] Started Daily Cleanup of Temporary Directories.
[[0;32m  OK  [0m] Listening on ACPID Listen Socket.
[[0;32m  OK  [0m] Listening on RPCbind Server Activation Socket.
[[0;32m  OK  [0m] Listening on UUID daemon activation socket.
         Starting LXD - unix socket.
[[0;32m  OK  [0m] Started ACPI Events Check.
[[0;32m  OK  [0m] Reached target Paths.
[[0;32m  OK  [0m] Listening on D-Bus System Message Bus Socket.
[[0;32m  OK  [0m] Started Daily apt download activities.
[[0;32m  OK  [0m] Started Daily apt upgrade and clean activities.
[[0;32m  OK  [0m] Reached target Timers.
         Starting Socket activation for snappy daemon.
[[0;32m  OK  [0m] Reached target Network is Online.
         Starting iSCSI initiator daemon (iscsid)...
[[0;32m  OK  [0m] Reached target Cloud-config availability.
[[0;32m  OK  [0m] Listening on LXD - unix socket.
[[0;32m  OK  [0m] Listening on Socket activation for snappy daemon.
[[0;32m  OK  [0m] Reached target Sockets.
[[0;32m  OK  [0m] Reached target Basic System.
[[0;32m  OK  [0m] Started Deferred execution scheduler.
[[0;32m  OK  [0m] Started Regular background program processing daemon.
         Starting PostgreSQL Cluster 9.5-main...
[[0;32m  OK  [0m] Started ACPI event daemon.
         Starting Login Service...
         Starting System Logging Service...
         Starting OpenBSD Secure Shell server...
         Starting Accounts Service...
         Starting /etc/rc.local Compatibility...
[[0;32m  OK  [0m] Started D-Bus System Message Bus.
[[0;32m  OK  [0m] Started FUSE filesystem for LXC.
         Starting Virtualbox guest utils...
         Starting LSB: Record successful boot for GRUB...
[[0;32m  OK  [0m] Started Unattended Upgrades Shutdown.
         Starting LSB: MD monitoring daemon...
         Starting Snappy daemon...
         Starting LXD - container startup/shutdown...
[[0;32m  OK  [0m] Started System Logging Service.
[[0;32m  OK  [0m] Started iSCSI initiator daemon (iscsid).
[[0;32m  OK  [0m] Started /etc/rc.local Compatibility.
[[0;32m  OK  [0m] Started OpenBSD Secure Shell server.
[[0;32m  OK  [0m] Started Login Service.
         Starting Authenticate and Authorize Users to Run Privileged Tasks...
         Starting Login to default iSCSI targets...
[[0;32m  OK  [0m] Started LSB: Record successful boot for GRUB.
[[0;32m  OK  [0m] Started LSB: MD monitoring daemon.
[[0;32m  OK  [0m] Started Authenticate and Authorize Users to Run Privileged Tasks.
[[0;32m  OK  [0m] Started Accounts Service.
[[0;32m  OK  [0m] Started Virtualbox guest utils.
[[0;32m  OK  [0m] Started Login to default iSCSI targets.
[[0;32m  OK  [0m] Reached target Remote File Systems (Pre).
[[0;32m  OK  [0m] Reached target Remote File Systems.
         Starting LSB: automatic crash report generation...
         Starting LSB: Start/stop sysstat's sadc...
         Starting LSB: daemon to balance interrupts for SMP systems...
         Starting Permit User Sessions...
         Starting LSB: Set the CPU Frequency Scaling governor to "ondemand"...
[[0;32m  OK  [0m] Started LXD - container startup/shutdown.
[[0;32m  OK  [0m] Started Permit User Sessions.
[[0;32m  OK  [0m] Started LSB: Start/stop sysstat's sadc.
         Starting Hold until boot process finishes up...
         Starting Terminate Plymouth Boot Screen...
[[0;32m  OK  [0m] Started LSB: automatic crash report generation.
[[0;32m  OK  [0m] Started LSB: daemon to balance interrupts for SMP systems.
[[0;32m  OK  [0m] Started Hold until boot process finishes up.
[[0;32m  OK  [0m] Started Terminate Plymouth Boot Screen.
[[0;32m  OK  [0m] Started Snappy daemon.
         Starting Wait until snapd is fully seeded...
[[0;32m  OK  [0m] Started Serial Getty on ttyS0.
[[0;32m  OK  [0m] Started Getty on tty1.
[[0;32m  OK  [0m] Reached target Login Prompts.
         Starting Set console scheme...
[[0;32m  OK  [0m] Started LSB: Set the CPU Frequency Scaling governor to "ondemand".
[[0;32m  OK  [0m] Started Wait until snapd is fully seeded.
[[0;32m  OK  [0m] Started Set console scheme.
         Starting Apply the settings specified in cloud-config...
[    6.827295] cloud-init[1273]: Cloud-init v. 18.4-0ubuntu1~16.04.2 running 'modules:config' at Mon, 06 May 2019 23:22:19 +0000. Up 6.74 seconds.
[[0;32m  OK  [0m] Started Apply the settings specified in cloud-config.
[[0;32m  OK  [0m] Started PostgreSQL Cluster 9.5-main.
         Starting PostgreSQL RDBMS...
[[0;32m  OK  [0m] Started PostgreSQL RDBMS.
[[0;32m  OK  [0m] Reached target Multi-User System.
[[0;32m  OK  [0m] Reached target Graphical Interface.
         Starting Execute cloud user/final scripts...
         Starting Update UTMP about System Runlevel Changes...
[[0;32m  OK  [0m] Started Update UTMP about System Runlevel Changes.
[    8.765963] cloud-init[1296]: Cloud-init v. 18.4-0ubuntu1~16.04.2 running 'modules:final' at Mon, 06 May 2019 23:22:21 +0000. Up 8.68 seconds.
[    8.767515] cloud-init[1296]: Cloud-init v. 18.4-0ubuntu1~16.04.2 finished at Mon, 06 May 2019 23:22:21 +0000. Datasource DataSourceNoCloud [seed=/dev/sdb][dsmode=net].  Up 8.76 seconds
[[0;32m  OK  [0m] Started Execute cloud user/final scripts.
[[0;32m  OK  [0m] Reached target Cloud-init target.

Ubuntu 16.04.5 LTS ubuntu-xenial ttyS0

ubuntu-xenial login: [ 1144.733380] CIFS VFS: Free previous auth_key.response = ffff8800da9dc700
[ 4010.780034] CIFS VFS: Free previous auth_key.response = ffff88003697c500
[ 4946.136539] CIFS VFS: Free previous auth_key.response = ffff88011a36d700
[ 5881.492219] CIFS VFS: Free previous auth_key.response = ffff880036836600
[ 8554.469734] CIFS VFS: Free previous auth_key.response = ffff88011a5f5500
[ 9489.826032] CIFS VFS: Free previous auth_key.response = ffff88011a3dc800
[10425.181710] CIFS VFS: Free previous auth_key.response = ffff8800dbbf1000
[11360.538376] CIFS VFS: Free previous auth_key.response = ffff8800dac98500
[12295.894994] CIFS VFS: Free previous auth_key.response = ffff8800da977b00
[13231.250485] CIFS VFS: Free previous auth_key.response = ffff880036b59200
[14166.606494] CIFS VFS: Free previous auth_key.response = ffff880036b5a600
[21666.310326] CIFS VFS: Free previous auth_key.response = ffff8800da323300
[23052.160918] CIFS VFS: Free previous auth_key.response = ffff8800da977c00
[23987.516761] CIFS VFS: Free previous auth_key.response = ffff880036b5b900
         Stopping User Manager for UID 1000...
         Stopping Authenticate and Authorize Users to Run Privileged Tasks...
         Stopping Session 53 of user vagrant.
         Stopping ACPI event daemon...
[[0;32m  OK  [0m] Stopped target Timers.
[[0;32m  OK  [0m] Stopped Daily apt upgrade and clean activities.
[[0;32m  OK  [0m] Stopped Daily Cleanup of Temporary Directories.
[[0;32m  OK  [0m] Closed Load/Save RF Kill Switch Status /dev/rfkill Watch.
[[0;32m  OK  [0m] Stopped Daily apt download activities.
         Unmounting RPC Pipe File System...
[[0;32m  OK  [0         Stopping Serial Getty on ttyS0...
         Stopping Getty on tty1...
[[0;32m  OK  [0m] Stopped Apply the settings specified in cloud-config.
[[0;32m  OK  [0m] Stopped Wait until snapd is fully seeded.
[[0;32m  OK  [0m] Stopped target Cloud-config availability.
[[0;32m  OK  [0m] Unmounted /var/lib/lxcfs.
[[0;32m  OK  [0m] Stopped Deferred execution scheduler.
[[0;32m  OK  [0m] Stopped Regular background program processing daemon.
[[0;32m  OK  [0m] Stopped System Logging Service.
[[0;32m  OK  [0m] Stopped Accounts Service.
[[0;32m  OK  [0m] Stopped ACPI event daemon.
[[0;32m  OK  [0m] Stopped OpenBSD Secure Shell server.
[[0;32m  OK  [0m] Stopped Authenticate and Authorize Users to Run Privileged Tasks.
[[0;32m  OK  [0m] Stopped Serial Getty on ttyS0.
[[0;32m  OK  [0m] Stopped Getty on tty1.
[[0;32m  OK  [0m] Stopped User Manager for UID 1000.
[[0;32m  OK  [0m] Unmounted RPC Pipe File System.
[[0;32m  OK  [0m] Stopped Session 53 of user vagrant.
[[0;32m  OK  [0m] Stopped D-Bus System Message Bus.
[[0;32m  OK  [0m] Stopped FUSE filesystem for LXC.
[[0;32m  OK  [0m] Stopped LSB: Start/stop sysstat's sadc.
[[0;32m  OK  [0m] Stopped LSB: MD monitoring daemon.
[[0;32m  OK  [0m] Stopped Unattended Upgrades Shutdown.
[[0;32m  OK  [0m] Stopped LSB: Record successful boot for GRUB.
[[0;32m  OK  [0m] Stopped LXD - container startup/shutdown.
[[0;32m  OK  [0m] Stopped LSB: daemon to balance interrupts for SMP systems.
[[0;32m  OK  [0m] Stopped LSB: Set the CPU Frequency Scaling governor to "ondemand".
[[0;32m  OK  [0m] Stopped LSB: automatic crash report generation.
[[0;32m  OK  [0m] Stopped Virtualbox guest utils.
[[0;32m  OK  [0m] Removed slice User Slice of vagrant.
         Stopping Login Service...
[[0;32m  OK  [0m] Removed slice system-getty.slice.
[[0;32m  OK  [0m] Stopped /etc/rc.local Compatibility.
         Stopping Permit User Sessions...
[[0;32m  OK  [0m] Removed slice system-serial\x2dgetty.slice.
[[0;32m  OK  [0m] Stopped Permit User Sessions.
[[0;32m  OK  [0m] Stopped target Remote File Systems.
         Unmounting /vagrant...
[[0;32m  OK  [0m] Unmounted /vagrant.
[[0;32m  OK  [0m] Stopped target Remote File Systems (Pre).
[[0;32m  OK  [0m] Stopped target NFS client services.
         Stopping Login to default iSCSI targets...
[[0;32m  OK  [0m] Stopped Login to default iSCSI targets.
         Stopping iSCSI initiator daemon (iscsid)...
[[0;32m  OK  [0m] Stopped iSCSI initiator daemon (iscsid).
[[0;32m  OK  [0m] Stopped Login Service.
[[0;32m  OK  [0m] Stopped target User and Group Name Lookups.
[[0;32m  OK  [0m] Stopped target Network is Online.
[[0;32m  OK  [0m] Stopped target Network.
[[0;32m  OK  [0m] Stopped target Network (Pre).
[[0;32m  OK  [0m] Stopped PostgreSQL Cluster 9.5-main.
[[0;32m  OK  [0m] Stopped target Basic System.
[[0;32m  OK  [0m] Stopped target Sockets.
[[0;32m  OK  [0m] Closed ACPID Listen Socket.
[[0;32m  OK  [0m] Closed LXD - unix socket.
[[0;32m  OK  [0m] Closed D-Bus System Message Bus Socket.
[[0;32m  OK  [0m] Closed Socket activation for snappy daemon.
[[0;32m  OK  [0m] Closed UUID daemon activation socket.
[[0;32m  OK  [0m] Closed Syslog Socket.
[[0;32m  OK  [0m] Closed RPCbind Server Activation Socket.
[[0;32m  OK  [0m] Stopped target Paths.
[[0;32m  OK  [0m] Stopped Forward Password Requests to Wall Directory Watch.
[[0;32m  OK  [0m] Stopped ACPI Events Check.
[[0;32m  OK  [0m] Stopped Dispatch Password Requests to Console Directory Watch.
[[0;32m  OK  [0m] Stopped target Slices.
[[0;32m  OK  [0m] Removed slice User and Session Slice.
[[0;32m  OK  [0m] Removed slice system-postgresql.slice.
[[0;32m  OK  [0m] Stopped target System Initialization.
[[0;32m  OK  [0m] Stopped Initial cloud-init job (metadata service crawler).
[[0;32m  OK  [0m] Stopped target Encrypted Volumes.
[[0;32m  OK  [0m] Stopped Apply Kernel Variables.
[[0;32m  OK  [0m] Stopped Create Volatile Files and Directories.
[[0;32m  OK  [0m] Stopped target Local File Systems.
         Unmounting /run/user/1000...
         Stopping Load/Save Random Seed...
[[0;32m  OK  [0m] Stopped Load Kernel Modules.
[[0;32m  OK  [0m] Stopped target Swap.
[[0;32m  OK  [0m] Stopped Initial cloud-init job (pre-networking).
[[0;32m  OK  [0m] Stopped Load/Save Random Seed.
[[0;32m  OK  [0m] Unmounted /run/user/1000.
[[0;32m  OK  [0m] Reached target Unmount All Filesystems.
[[0;32m  OK  [0m] Stopped target Local File Systems (Pre).
[[0;32m  OK  [0m] Stopped Create Static Device Nodes in /dev.
[[0;32m  OK  [0m] Stopped Remount Root and Kernel File Systems.
[[0;32m  OK  [0m] Reached target Shutdown.
[24866.358508] reboot: Power down
